<?xml version="1.0" encoding="UTF-8"?>
<!-- Generated by org.testng.reporters.JUnitReportReporter -->
<testsuite hostname="Gayatri-LP" failures="0" tests="5" name="api.tests.UserTest" time="3.428" errors="0" timestamp="2023-06-06T16:47:40 PDT" skipped="0">
  <testcase classname="api.tests.UserTest" name="createUserTest" time="2.117"/>
  <system-out/>
  <testcase classname="api.tests.UserTest" name="getUserTest" time="0.466"/>
  <system-out/>
  <testcase classname="api.tests.UserTest" name="updateUserTest" time="0.423"/>
  <system-out/>
  <testcase classname="api.tests.UserTest" name="patchUser" time="0.000"/>
  <system-out/>
  <testcase classname="api.tests.UserTest" name="deleteUserTest" time="0.422"/>
  <system-out/>
</testsuite> <!-- api.tests.UserTest -->
